Using pre-set license
Built from '2021.3/staging' branch; Version is '2021.3.16f1 (4016570cf34f) revision 4200023'; Using compiler version '192829333'; Build Type 'Release'
OS: 'Windows 10  (10.0.19045) 64bit CoreSingleLanguage' Language: 'tr' Physical Memory: 12169 MB
BatchMode: 1, IsHumanControllingUs: 0, StartBugReporterOnCrash: 0, Is64bit: 1, IsPro: 1

COMMAND LINE ARGUMENTS:
D:\Unity\2021.3.16f1\Editor\Unity.exe
-adb2
-batchMode
-noUpm
-name
AssetImportWorker1
-projectPath
D:/Program Files (x86)/Git/OUA-U19/My project
-logFile
Logs/AssetImportWorker1.log
-srvPort
49490
Successfully changed project path to: D:/Program Files (x86)/Git/OUA-U19/My project
D:/Program Files (x86)/Git/OUA-U19/My project
[UnityMemory] Configuration Parameters - Can be set up in boot.config
    "memorysetup-bucket-allocator-granularity=16"
    "memorysetup-bucket-allocator-bucket-count=8"
    "memorysetup-bucket-allocator-block-size=33554432"
    "memorysetup-bucket-allocator-block-count=8"
    "memorysetup-main-allocator-block-size=16777216"
    "memorysetup-thread-allocator-block-size=16777216"
    "memorysetup-gfx-main-allocator-block-size=16777216"
    "memorysetup-gfx-thread-allocator-block-size=16777216"
    "memorysetup-cache-allocator-block-size=4194304"
    "memorysetup-typetree-allocator-block-size=2097152"
    "memorysetup-profiler-bucket-allocator-granularity=16"
    "memorysetup-profiler-bucket-allocator-bucket-count=8"
    "memorysetup-profiler-bucket-allocator-block-size=33554432"
    "memorysetup-profiler-bucket-allocator-block-count=8"
    "memorysetup-profiler-allocator-block-size=16777216"
    "memorysetup-profiler-editor-allocator-block-size=1048576"
    "memorysetup-temp-allocator-size-main=16777216"
    "memorysetup-job-temp-allocator-block-size=2097152"
    "memorysetup-job-temp-allocator-block-size-background=1048576"
    "memorysetup-job-temp-allocator-reduction-small-platforms=262144"
    "memorysetup-temp-allocator-size-background-worker=32768"
    "memorysetup-temp-allocator-size-job-worker=262144"
    "memorysetup-temp-allocator-size-preload-manager=33554432"
    "memorysetup-temp-allocator-size-nav-mesh-worker=65536"
    "memorysetup-temp-allocator-size-audio-worker=65536"
    "memorysetup-temp-allocator-size-cloud-worker=32768"
    "memorysetup-temp-allocator-size-gi-baking-worker=262144"
    "memorysetup-temp-allocator-size-gfx=262144"
Player connection [9512] Host "[IP] 192.168.1.103 [Port] 0 [Flags] 2 [Guid] 2993304354 [EditorId] 2993304354 [Version] 1048832 [Id] WindowsEditor(7,OBLOMOVKA) [Debug] 1 [PackageName] WindowsEditor [ProjectName] Editor" joined multi-casting on [225.0.0.222:54997]...

Player connection [9512] Host "[IP] 192.168.1.103 [Port] 0 [Flags] 2 [Guid] 2993304354 [EditorId] 2993304354 [Version] 1048832 [Id] WindowsEditor(7,OBLOMOVKA) [Debug] 1 [PackageName] WindowsEditor [ProjectName] Editor" joined alternative multi-casting on [225.0.0.222:34997]...

Refreshing native plugins compatible for Editor in 206.48 ms, found 3 plugins.
Preloading 0 native plugins for Editor in 0.00 ms.
Initialize engine version: 2021.3.16f1 (4016570cf34f)
[Subsystems] Discovering subsystems at path D:/Unity/2021.3.16f1/Editor/Data/Resources/UnitySubsystems
[Subsystems] Discovering subsystems at path D:/Program Files (x86)/Git/OUA-U19/My project/Assets
GfxDevice: creating device client; threaded=0; jobified=0
Direct3D:
    Version:  Direct3D 11.0 [level 11.0]
    Renderer: NVIDIA GeForce 940M (ID=0x1347)
    Vendor:   NVIDIA
    VRAM:     2020 MB
    Driver:   22.21.13.8205
Initialize mono
Mono path[0] = 'D:/Unity/2021.3.16f1/Editor/Data/Managed'
Mono path[1] = 'D:/Unity/2021.3.16f1/Editor/Data/MonoBleedingEdge/lib/mono/unityjit-win32'
Mono config path = 'D:/Unity/2021.3.16f1/Editor/Data/MonoBleedingEdge/etc'
Using monoOptions --debugger-agent=transport=dt_socket,embedding=1,server=y,suspend=n,address=127.0.0.1:56408
Begin MonoManager ReloadAssembly
Registering precompiled unity dll's ...
Register platform support module: D:/Unity/2021.3.16f1/Editor/Data/PlaybackEngines/WebGLSupport/UnityEditor.WebGL.Extensions.dll
Register platform support module: D:/Unity/2021.3.16f1/Editor/Data/PlaybackEngines/AndroidPlayer/UnityEditor.Android.Extensions.dll
Register platform support module: D:/Unity/2021.3.16f1/Editor/Data/PlaybackEngines/WindowsStandaloneSupport/UnityEditor.WindowsStandalone.Extensions.dll
Registered in 0.006505 seconds.
Native extension for WindowsStandalone target not found
Native extension for Android target not found
Native extension for WebGL target not found
Refreshing native plugins compatible for Editor in 207.63 ms, found 3 plugins.
Preloading 0 native plugins for Editor in 0.00 ms.
Mono: successfully reloaded assembly
- Completed reload, in  1.279 seconds
Domain Reload Profiling:
	ReloadAssembly (1280ms)
		BeginReloadAssembly (163ms)
			ExecutionOrderSort (0ms)
			DisableScriptedObjects (0ms)
			BackupInstance (0ms)
			ReleaseScriptingObjects (0ms)
			CreateAndSetChildDomain (1ms)
		EndReloadAssembly (938ms)
			LoadAssemblies (163ms)
			RebuildTransferFunctionScriptingTraits (0ms)
			SetupTypeCache (210ms)
			ReleaseScriptCaches (0ms)
			RebuildScriptCaches (54ms)
			SetupLoadedEditorAssemblies (586ms)
				LogAssemblyErrors (0ms)
				InitializePlatformSupportModulesInManaged (99ms)
				SetLoadedEditorAssemblies (0ms)
				RefreshPlugins (208ms)
				BeforeProcessingInitializeOnLoad (2ms)
				ProcessInitializeOnLoadAttributes (182ms)
				ProcessInitializeOnLoadMethodAttributes (94ms)
				AfterProcessingInitializeOnLoad (0ms)
				EditorAssembliesLoaded (0ms)
			ExecutionOrderSort2 (0ms)
			AwakeInstancesAfterBackupRestoration (0ms)
Platform modules already initialized, skipping
Registering precompiled user dll's ...
Registered in 0.012976 seconds.
Begin MonoManager ReloadAssembly
Android Extension - Scanning For ADB Devices 11388 ms
Symbol file LoadedFromMemory doesn't match image D:\Program Files (x86)\Git\OUA-U19\My project\Library\PackageCache\com.unity.visualscripting@1.7.8\Editor\VisualScripting.Core\Dependencies\YamlDotNet\Unity.VisualScripting.YamlDotNet.dll
Symbol file LoadedFromMemory doesn't match image D:\Program Files (x86)\Git\OUA-U19\My project\Library\PackageCache\com.unity.visualscripting@1.7.8\Editor\VisualScripting.Core\Dependencies\DotNetZip\Unity.VisualScripting.IonicZip.dll
Native extension for WindowsStandalone target not found
Native extension for Android target not found
Native extension for WebGL target not found
Refreshing native plugins compatible for Editor in 192.78 ms, found 3 plugins.
Preloading 0 native plugins for Editor in 0.00 ms.
Mono: successfully reloaded assembly
- Completed reload, in  5.480 seconds
Domain Reload Profiling:
	ReloadAssembly (5482ms)
		BeginReloadAssembly (1801ms)
			ExecutionOrderSort (0ms)
			DisableScriptedObjects (144ms)
			BackupInstance (0ms)
			ReleaseScriptingObjects (0ms)
			CreateAndSetChildDomain (170ms)
		EndReloadAssembly (2516ms)
			LoadAssemblies (954ms)
			RebuildTransferFunctionScriptingTraits (0ms)
			SetupTypeCache (629ms)
			ReleaseScriptCaches (1ms)
			RebuildScriptCaches (123ms)
			SetupLoadedEditorAssemblies (1488ms)
				LogAssemblyErrors (0ms)
				InitializePlatformSupportModulesInManaged (22ms)
				SetLoadedEditorAssemblies (0ms)
				RefreshPlugins (193ms)
				BeforeProcessingInitializeOnLoad (198ms)
				ProcessInitializeOnLoadAttributes (902ms)
				ProcessInitializeOnLoadMethodAttributes (167ms)
				AfterProcessingInitializeOnLoad (5ms)
				EditorAssembliesLoaded (0ms)
			ExecutionOrderSort2 (0ms)
			AwakeInstancesAfterBackupRestoration (11ms)
Platform modules already initialized, skipping
========================================================================
Worker process is ready to serve import requests
Launched and connected shader compiler UnityShaderCompiler.exe after 0.44 seconds
Refreshing native plugins compatible for Editor in 2.55 ms, found 3 plugins.
Preloading 0 native plugins for Editor in 0.00 ms.
Unloading 5668 Unused Serialized files (Serialized files now loaded: 0)
Unloading 51 unused Assets / (0.8 MB). Loaded Objects now: 6120.
Memory consumption went from 223.1 MB to 222.3 MB.
Total: 11.775100 ms (FindLiveObjects: 0.855500 ms CreateObjectMapping: 2.074900 ms MarkObjects: 8.303700 ms  DeleteObjects: 0.539600 ms)

AssetImportParameters requested are different than current active one (requested -> active):
  custom:video-decoder-ogg-theora: a1e56fd34408186e4bbccfd4996cb3dc -> 
  custom:container-muxer-webm: aa71ff27fc2769a1b78a27578f13a17b -> 
  custom:container-demuxer-webm: 4f35f7cbe854078d1ac9338744f61a02 -> 
  custom:video-encoder-webm-vp8: eb34c28f22e8b96e1ab97ce403110664 -> 
  custom:audio-encoder-webm-vorbis: bf7c407c2cedff20999df2af8eb42d56 -> 
  custom:framework-win-MediaFoundation: 216162199b28c13a410421893ffa2e32 -> 
  custom:container-demuxer-ogg: 62fdf1f143b41e24485cea50d1cbac27 -> 
  custom:video-decoder-webm-vp8: 9c59270c3fd7afecdb556c50c9e8de78 -> 
  custom:audio-decoder-ogg-vorbis: bf7c407c2cedff20999df2af8eb42d56 -> 
========================================================================
Received Import Request.
  Time since last request: 261485.053061 seconds.
  path: Assets/StarterAssets/Readme.asset
  artifactKey: Guid(4181bfe715a83e843b7538d750dc57cc) Importer(815301076,1909f56bfc062723c751e8b465ee728b)
Start importing Assets/StarterAssets/Readme.asset using Guid(4181bfe715a83e843b7538d750dc57cc) Importer(815301076,1909f56bfc062723c751e8b465ee728b)  -> (artifact id: 'c0b093fd0940b7192655b1d514005896') in 0.086558 seconds 
========================================================================
Received Import Request.
  Time since last request: 0.000045 seconds.
  path: Assets/Terrain/TerrainData_7d5e6add-01e2-4a11-aaa6-1ac224d131e2.asset
  artifactKey: Guid(3b90e25cd34c2bc42ad53c524d70494e) Importer(815301076,1909f56bfc062723c751e8b465ee728b)
Start importing Assets/Terrain/TerrainData_7d5e6add-01e2-4a11-aaa6-1ac224d131e2.asset using Guid(3b90e25cd34c2bc42ad53c524d70494e) Importer(815301076,1909f56bfc062723c751e8b465ee728b)  -> (artifact id: 'c7bd0060d31a918c943625492cf9e10d') in 0.070510 seconds 
========================================================================
Received Import Request.
  Time since last request: 0.000049 seconds.
  path: Assets/Walking.fbx
  artifactKey: Guid(9e887f5943ca5a642a3bdf9e518d7c38) Importer(815301076,1909f56bfc062723c751e8b465ee728b)
Start importing Assets/Walking.fbx using Guid(9e887f5943ca5a642a3bdf9e518d7c38) Importer(815301076,1909f56bfc062723c751e8b465ee728b)  -> (artifact id: '84aa2e304fc46152ec2e18638a99601a') in 4.066921 seconds 
========================================================================
Received Import Request.
  Time since last request: 0.000063 seconds.
  path: Assets/robot-son.fbx
  artifactKey: Guid(6171904a351bda841bcaeee7b205ef61) Importer(815301076,1909f56bfc062723c751e8b465ee728b)
Start importing Assets/robot-son.fbx using Guid(6171904a351bda841bcaeee7b205ef61) Importer(815301076,1909f56bfc062723c751e8b465ee728b)  -> (artifact id: 'd494e9b6cb3522131e77400509e0a2dd') in 0.420016 seconds 
========================================================================
Received Import Request.
  Time since last request: 0.000047 seconds.
  path: Assets/Terrain/New Terrain.asset
  artifactKey: Guid(a6845217b78275b4688d15db0cd24bed) Importer(815301076,1909f56bfc062723c751e8b465ee728b)
Start importing Assets/Terrain/New Terrain.asset using Guid(a6845217b78275b4688d15db0cd24bed) Importer(815301076,1909f56bfc062723c751e8b465ee728b)  -> (artifact id: '42bf823e8e44f2f5cf009ba4bc48078a') in 0.125374 seconds 
========================================================================
Received Import Request.
  Time since last request: 0.000061 seconds.
  path: Assets/New Universal Render Pipeline Asset.asset
  artifactKey: Guid(70158ae0088642f4ab877a4d0034e93f) Importer(815301076,1909f56bfc062723c751e8b465ee728b)
Start importing Assets/New Universal Render Pipeline Asset.asset using Guid(70158ae0088642f4ab877a4d0034e93f) Importer(815301076,1909f56bfc062723c751e8b465ee728b)  -> (artifact id: 'a34ac179ecf135bef0bd1101e084195c') in 0.018563 seconds 
========================================================================
Received Import Request.
  Time since last request: 0.000042 seconds.
  path: Assets/UniversalRenderPipelineGlobalSettings.asset
  artifactKey: Guid(96605c49b139c124db5e2f7679068f58) Importer(815301076,1909f56bfc062723c751e8b465ee728b)
Start importing Assets/UniversalRenderPipelineGlobalSettings.asset using Guid(96605c49b139c124db5e2f7679068f58) Importer(815301076,1909f56bfc062723c751e8b465ee728b)  -> (artifact id: 'f3232f9cdc95339501e2cfc322dc6d9f') in 0.014221 seconds 
========================================================================
Received Import Request.
  Time since last request: 0.000499 seconds.
  path: Assets/New Terrain.asset
  artifactKey: Guid(9bd981b7a5b568e4db34f90ceedbded7) Importer(815301076,1909f56bfc062723c751e8b465ee728b)
Start importing Assets/New Terrain.asset using Guid(9bd981b7a5b568e4db34f90ceedbded7) Importer(815301076,1909f56bfc062723c751e8b465ee728b)  -> (artifact id: 'a426b60c4b679a3d34c266b61a7b67ea') in 0.015492 seconds 
========================================================================
Received Import Request.
  Time since last request: 0.002786 seconds.
  path: Assets/Terrain/TerrainSampleAssets
  artifactKey: Guid(408ae776b9b67224db13e6bc04facddf) Importer(815301076,1909f56bfc062723c751e8b465ee728b)
Start importing Assets/Terrain/TerrainSampleAssets using Guid(408ae776b9b67224db13e6bc04facddf) Importer(815301076,1909f56bfc062723c751e8b465ee728b)  -> (artifact id: '2c9ac24dbb11de03d37755b1b207bec3') in 0.016995 seconds 
========================================================================
Received Import Request.
  Time since last request: 0.000043 seconds.
  path: Assets/StarterAssets/Fast Run.fbx
  artifactKey: Guid(4ba87d484aa01a94784d712c3f6f1f8e) Importer(815301076,1909f56bfc062723c751e8b465ee728b)
Start importing Assets/StarterAssets/Fast Run.fbx using Guid(4ba87d484aa01a94784d712c3f6f1f8e) Importer(815301076,1909f56bfc062723c751e8b465ee728b)  -> (artifact id: '8a72f6e5770ee98e2c7d87e9c63174af') in 0.495656 seconds 
========================================================================
Received Import Request.
  Time since last request: 0.000041 seconds.
  path: Assets/Terrain/New Terrain 9.asset
  artifactKey: Guid(8c509098c75b8fd459d75d66307e7af1) Importer(815301076,1909f56bfc062723c751e8b465ee728b)
Start importing Assets/Terrain/New Terrain 9.asset using Guid(8c509098c75b8fd459d75d66307e7af1) Importer(815301076,1909f56bfc062723c751e8b465ee728b)  -> (artifact id: '7204f14aded0e7d97512f234808292b1') in 0.068348 seconds 
========================================================================
Received Import Request.
  Time since last request: 0.000063 seconds.
  path: Assets/New Universal Render Pipeline Asset_Renderer.asset
  artifactKey: Guid(f4162331b5c47fc499a3496a3f5cd40a) Importer(815301076,1909f56bfc062723c751e8b465ee728b)
Start importing Assets/New Universal Render Pipeline Asset_Renderer.asset using Guid(f4162331b5c47fc499a3496a3f5cd40a) Importer(815301076,1909f56bfc062723c751e8b465ee728b)  -> (artifact id: 'adbc649c3e4110d47dfbdd0a116cb8f2') in 0.039133 seconds 
========================================================================
Received Import Request.
  Time since last request: 0.000060 seconds.
  path: Assets/StarterAssets/robot-hazır.fbx
  artifactKey: Guid(29f6a1994e500f44bb6f0155713c4dea) Importer(815301076,1909f56bfc062723c751e8b465ee728b)
Start importing Assets/StarterAssets/robot-hazır.fbx using Guid(29f6a1994e500f44bb6f0155713c4dea) Importer(815301076,1909f56bfc062723c751e8b465ee728b)  -> (artifact id: '4ebcba941878df0ef17a61e0017c9980') in 0.449307 seconds 
========================================================================
Received Import Request.
  Time since last request: 87.553712 seconds.
  path: Assets/Terrain/TerrainSon.asset
  artifactKey: Guid(a6845217b78275b4688d15db0cd24bed) Importer(815301076,1909f56bfc062723c751e8b465ee728b)
Start importing Assets/Terrain/TerrainSon.asset using Guid(a6845217b78275b4688d15db0cd24bed) Importer(815301076,1909f56bfc062723c751e8b465ee728b)  -> (artifact id: 'f716d84e9c7686d28e2c45a16d873eab') in 0.100295 seconds 
========================================================================
Received Import Request.
  Time since last request: 44.572549 seconds.
  path: Assets/Terrain/TerrainSonData.asset
  artifactKey: Guid(3b90e25cd34c2bc42ad53c524d70494e) Importer(815301076,1909f56bfc062723c751e8b465ee728b)
Start importing Assets/Terrain/TerrainSonData.asset using Guid(3b90e25cd34c2bc42ad53c524d70494e) Importer(815301076,1909f56bfc062723c751e8b465ee728b)  -> (artifact id: '67ec3757fcc853fe9bb163a700591bd1') in 0.040504 seconds 
